mode: set
github.com/cellofellow/gopiano/auth.go:17.74,26.16 3 0
github.com/cellofellow/gopiano/auth.go:26.16,28.3 1 0
github.com/cellofellow/gopiano/auth.go:29.2,32.16 4 0
github.com/cellofellow/gopiano/auth.go:32.16,35.3 1 0
github.com/cellofellow/gopiano/auth.go:37.2,38.16 2 0
github.com/cellofellow/gopiano/auth.go:38.16,40.3 1 0
github.com/cellofellow/gopiano/auth.go:41.2,43.16 3 0
github.com/cellofellow/gopiano/auth.go:43.16,45.3 1 0
github.com/cellofellow/gopiano/auth.go:48.2,52.19 4 0
github.com/cellofellow/gopiano/auth.go:60.93,69.16 3 0
github.com/cellofellow/gopiano/auth.go:69.16,71.3 1 0
github.com/cellofellow/gopiano/auth.go:72.2,75.16 4 0
github.com/cellofellow/gopiano/auth.go:75.16,78.3 1 0
github.com/cellofellow/gopiano/auth.go:81.2,84.19 3 0
github.com/cellofellow/gopiano/gopiano.go:66.54,69.16 3 1
github.com/cellofellow/gopiano/gopiano.go:69.16,71.3 1 0
github.com/cellofellow/gopiano/gopiano.go:72.2,73.16 2 1
github.com/cellofellow/gopiano/gopiano.go:73.16,75.3 1 0
github.com/cellofellow/gopiano/gopiano.go:76.2,81.8 1 1
github.com/cellofellow/gopiano/gopiano.go:87.46,89.36 2 1
github.com/cellofellow/gopiano/gopiano.go:89.36,96.3 6 1
github.com/cellofellow/gopiano/gopiano.go:97.2,97.33 1 1
github.com/cellofellow/gopiano/gopiano.go:103.55,105.37 2 1
github.com/cellofellow/gopiano/gopiano.go:105.37,110.17 5 1
github.com/cellofellow/gopiano/gopiano.go:110.17,112.4 1 0
github.com/cellofellow/gopiano/gopiano.go:113.3,114.70 2 1
github.com/cellofellow/gopiano/gopiano.go:116.2,116.38 1 1
github.com/cellofellow/gopiano/gopiano.go:124.95,129.23 2 1
github.com/cellofellow/gopiano/gopiano.go:129.23,131.3 1 0
github.com/cellofellow/gopiano/gopiano.go:132.2,132.20 1 1
github.com/cellofellow/gopiano/gopiano.go:132.20,134.3 1 0
github.com/cellofellow/gopiano/gopiano.go:135.2,135.55 1 1
github.com/cellofellow/gopiano/gopiano.go:135.55,137.3 1 0
github.com/cellofellow/gopiano/gopiano.go:137.8,137.34 1 1
github.com/cellofellow/gopiano/gopiano.go:137.34,139.3 1 0
github.com/cellofellow/gopiano/gopiano.go:140.2,143.16 3 1
github.com/cellofellow/gopiano/gopiano.go:143.16,145.3 1 0
github.com/cellofellow/gopiano/gopiano.go:146.2,150.16 4 1
github.com/cellofellow/gopiano/gopiano.go:150.16,152.3 1 0
github.com/cellofellow/gopiano/gopiano.go:153.2,157.16 4 1
github.com/cellofellow/gopiano/gopiano.go:157.16,159.3 1 0
github.com/cellofellow/gopiano/gopiano.go:160.2,161.16 2 1
github.com/cellofellow/gopiano/gopiano.go:161.16,163.3 1 0
github.com/cellofellow/gopiano/gopiano.go:165.2,165.28 1 1
github.com/cellofellow/gopiano/gopiano.go:165.28,166.62 1 0
github.com/cellofellow/gopiano/gopiano.go:166.62,168.4 1 0
github.com/cellofellow/gopiano/gopiano.go:169.3,169.17 1 0
github.com/cellofellow/gopiano/gopiano.go:172.2,173.16 2 1
github.com/cellofellow/gopiano/gopiano.go:173.16,175.3 1 0
github.com/cellofellow/gopiano/gopiano.go:176.2,176.12 1 1
github.com/cellofellow/gopiano/gopiano.go:181.96,183.16 2 0
github.com/cellofellow/gopiano/gopiano.go:183.16,185.3 1 0
github.com/cellofellow/gopiano/gopiano.go:186.2,187.57 2 0
github.com/cellofellow/gopiano/gopiano.go:191.36,193.2 1 0
github.com/cellofellow/gopiano/misc.go:14.83,21.16 3 0
github.com/cellofellow/gopiano/misc.go:21.16,23.3 1 0
github.com/cellofellow/gopiano/misc.go:24.2,28.16 4 0
github.com/cellofellow/gopiano/misc.go:28.16,30.3 1 0
github.com/cellofellow/gopiano/misc.go:31.2,31.19 1 0
github.com/cellofellow/gopiano/misc.go:36.81,43.16 3 0
github.com/cellofellow/gopiano/misc.go:43.16,45.3 1 0
github.com/cellofellow/gopiano/misc.go:46.2,50.16 4 0
github.com/cellofellow/gopiano/misc.go:50.16,52.3 1 0
github.com/cellofellow/gopiano/misc.go:53.2,53.19 1 0
github.com/cellofellow/gopiano/misc.go:59.109,66.16 3 0
github.com/cellofellow/gopiano/misc.go:66.16,68.3 1 0
github.com/cellofellow/gopiano/misc.go:69.2,73.16 4 0
github.com/cellofellow/gopiano/misc.go:73.16,75.3 1 0
github.com/cellofellow/gopiano/misc.go:76.2,76.19 1 0
github.com/cellofellow/gopiano/misc.go:82.105,89.16 3 0
github.com/cellofellow/gopiano/misc.go:89.16,91.3 1 0
github.com/cellofellow/gopiano/misc.go:92.2,96.16 4 0
github.com/cellofellow/gopiano/misc.go:96.16,98.3 1 0
github.com/cellofellow/gopiano/misc.go:99.2,99.19 1 0
github.com/cellofellow/gopiano/station.go:15.112,23.16 3 0
github.com/cellofellow/gopiano/station.go:23.16,25.3 1 0
github.com/cellofellow/gopiano/station.go:26.2,30.16 4 0
github.com/cellofellow/gopiano/station.go:30.16,32.3 1 0
github.com/cellofellow/gopiano/station.go:33.2,33.19 1 0
github.com/cellofellow/gopiano/station.go:40.103,48.16 3 0
github.com/cellofellow/gopiano/station.go:48.16,50.3 1 0
github.com/cellofellow/gopiano/station.go:51.2,55.16 4 0
github.com/cellofellow/gopiano/station.go:55.16,57.3 1 0
github.com/cellofellow/gopiano/station.go:58.2,58.19 1 0
github.com/cellofellow/gopiano/station.go:65.115,73.16 3 0
github.com/cellofellow/gopiano/station.go:73.16,75.3 1 0
github.com/cellofellow/gopiano/station.go:76.2,80.16 4 0
github.com/cellofellow/gopiano/station.go:80.16,82.3 1 0
github.com/cellofellow/gopiano/station.go:83.2,83.19 1 0
github.com/cellofellow/gopiano/station.go:89.104,96.16 3 0
github.com/cellofellow/gopiano/station.go:96.16,98.3 1 0
github.com/cellofellow/gopiano/station.go:99.2,103.16 4 0
github.com/cellofellow/gopiano/station.go:103.16,105.3 1 0
github.com/cellofellow/gopiano/station.go:106.2,106.19 1 0
github.com/cellofellow/gopiano/station.go:111.65,118.16 3 0
github.com/cellofellow/gopiano/station.go:118.16,120.3 1 0
github.com/cellofellow/gopiano/station.go:121.2,123.86 3 0
github.com/cellofellow/gopiano/station.go:128.58,135.16 3 0
github.com/cellofellow/gopiano/station.go:135.16,137.3 1 0
github.com/cellofellow/gopiano/station.go:138.2,140.83 3 0
github.com/cellofellow/gopiano/station.go:145.66,152.16 3 0
github.com/cellofellow/gopiano/station.go:152.16,154.3 1 0
github.com/cellofellow/gopiano/station.go:155.2,157.85 3 0
github.com/cellofellow/gopiano/station.go:162.88,168.16 3 0
github.com/cellofellow/gopiano/station.go:168.16,170.3 1 0
github.com/cellofellow/gopiano/station.go:171.2,175.16 4 0
github.com/cellofellow/gopiano/station.go:175.16,177.3 1 0
github.com/cellofellow/gopiano/station.go:178.2,178.19 1 0
github.com/cellofellow/gopiano/station.go:185.97,192.16 3 0
github.com/cellofellow/gopiano/station.go:192.16,194.3 1 0
github.com/cellofellow/gopiano/station.go:195.2,199.16 4 0
github.com/cellofellow/gopiano/station.go:199.16,201.3 1 0
github.com/cellofellow/gopiano/station.go:202.2,202.19 1 0
github.com/cellofellow/gopiano/station.go:209.127,217.16 3 0
github.com/cellofellow/gopiano/station.go:217.16,219.3 1 0
github.com/cellofellow/gopiano/station.go:220.2,224.16 4 0
github.com/cellofellow/gopiano/station.go:224.16,226.3 1 0
github.com/cellofellow/gopiano/station.go:227.2,227.19 1 0
github.com/cellofellow/gopiano/station.go:234.93,243.16 3 0
github.com/cellofellow/gopiano/station.go:243.16,245.3 1 0
github.com/cellofellow/gopiano/station.go:246.2,249.84 3 0
github.com/cellofellow/gopiano/station.go:254.114,262.16 3 0
github.com/cellofellow/gopiano/station.go:262.16,264.3 1 0
github.com/cellofellow/gopiano/station.go:265.2,269.16 4 0
github.com/cellofellow/gopiano/station.go:269.16,271.3 1 0
github.com/cellofellow/gopiano/station.go:272.2,272.19 1 0
github.com/cellofellow/gopiano/station.go:277.119,284.16 3 0
github.com/cellofellow/gopiano/station.go:284.16,286.3 1 0
github.com/cellofellow/gopiano/station.go:287.2,291.16 4 0
github.com/cellofellow/gopiano/station.go:291.16,293.3 1 0
github.com/cellofellow/gopiano/station.go:294.2,294.19 1 0
github.com/cellofellow/gopiano/user.go:14.74,20.16 3 0
github.com/cellofellow/gopiano/user.go:20.16,22.3 1 0
github.com/cellofellow/gopiano/user.go:23.2,26.16 4 0
github.com/cellofellow/gopiano/user.go:26.16,28.3 1 0
github.com/cellofellow/gopiano/user.go:30.2,30.19 1 0
github.com/cellofellow/gopiano/user.go:37.157,52.16 3 0
github.com/cellofellow/gopiano/user.go:52.16,54.3 1 0
github.com/cellofellow/gopiano/user.go:55.2,58.16 4 0
github.com/cellofellow/gopiano/user.go:58.16,60.3 1 0
github.com/cellofellow/gopiano/user.go:63.2,66.19 3 0
github.com/cellofellow/gopiano/user.go:71.59,78.16 3 0
github.com/cellofellow/gopiano/user.go:78.16,80.3 1 0
github.com/cellofellow/gopiano/user.go:81.2,83.83 3 0
github.com/cellofellow/gopiano/user.go:89.74,96.16 3 0
github.com/cellofellow/gopiano/user.go:96.16,98.3 1 0
github.com/cellofellow/gopiano/user.go:99.2,102.16 4 0
github.com/cellofellow/gopiano/user.go:102.16,104.3 1 0
github.com/cellofellow/gopiano/user.go:105.2,105.19 1 0
github.com/cellofellow/gopiano/user.go:110.103,118.16 3 0
github.com/cellofellow/gopiano/user.go:118.16,120.3 1 0
github.com/cellofellow/gopiano/user.go:121.2,125.16 4 0
github.com/cellofellow/gopiano/user.go:125.16,127.3 1 0
github.com/cellofellow/gopiano/user.go:128.2,128.19 1 0
github.com/cellofellow/gopiano/user.go:133.94,140.16 3 0
github.com/cellofellow/gopiano/user.go:140.16,142.3 1 0
github.com/cellofellow/gopiano/user.go:143.2,147.16 4 0
github.com/cellofellow/gopiano/user.go:147.16,149.3 1 0
github.com/cellofellow/gopiano/user.go:150.2,150.19 1 0
github.com/cellofellow/gopiano/user.go:155.61,162.16 3 0
github.com/cellofellow/gopiano/user.go:162.16,164.3 1 0
github.com/cellofellow/gopiano/user.go:165.2,167.81 3 0
github.com/cellofellow/gopiano/user.go:172.57,179.16 3 0
github.com/cellofellow/gopiano/user.go:179.16,181.3 1 0
github.com/cellofellow/gopiano/user.go:182.2,184.79 3 0
